This is XeTeX, Version 3.141592653-2.6-0.999995 (TeX Live 2023) (preloaded format=xelatex 2023.5.13)  17 AUG 2023 10:07
entering extended mode
 restricted \write18 enabled.
 file:line:error style messages enabled.
 %&-line parsing enabled.
**c:/Users/osxjn/OneDrive/thesis/main.tex
(c:/Users/osxjn/OneDrive/thesis/main.tex
LaTeX2e <2022-11-01> patch level 1
L3 programming layer <2023-05-11> (./ustcthesis.cls
Document Class: ustcthesis 2022/03/25 {v3.3.2} USTC thesis template
(c:/texlive/2023/texmf-dist/tex/generic/iftex/iftex.sty
Package: iftex 2022/02/03 v1.0f TeX engine tests
) (c:/texlive/2023/texmf-dist/tex/generic/kvdefinekeys/kvdefinekeys.sty
Package: kvdefinekeys 2019-12-19 v1.6 Define keys (HO)
) (c:/texlive/2023/texmf-dist/tex/latex/kvsetkeys/kvsetkeys.sty
Package: kvsetkeys 2022-10-05 v1.19 Key value parser (HO)
) (c:/texlive/2023/texmf-dist/tex/latex/kvoptions/kvoptions.sty
Package: kvoptions 2022-06-15 v3.15 Key value format for package options (HO)
 (c:/texlive/2023/texmf-dist/tex/latex/graphics/keyval.sty
Package: keyval 2022/05/29 v1.15 key=value parser (DPC)
\KV@toks@=\toks16
) (c:/texlive/2023/texmf-dist/tex/generic/ltxcmds/ltxcmds.sty
Package: ltxcmds 2020-05-10 v1.25 LaTeX kernel commands for general use (HO)
)) (c:/texlive/2023/texmf-dist/tex/latex/ctex/ctexbook.cls (c:/texlive/2023/texmf-dist/tex/latex/ctex/config/ctexbackend.cfg
File: ctexbackend.cfg 2022/07/14 v2.5.10 Backend configuration file (CTEX)
) (c:/texlive/2023/texmf-dist/tex/latex/l3kernel/expl3.sty
Package: expl3 2023-05-11 L3 programming layer (loader) 
 (c:/texlive/2023/texmf-dist/tex/latex/l3backend/l3backend-xetex.def
File: l3backend-xetex.def 2023-04-19 L3 backend support: XeTeX
\g__graphics_track_int=\count181
\l__pdf_internal_box=\box51
\g__pdf_backend_object_int=\count182
\g__pdf_backend_annotation_int=\count183
\g__pdf_backend_link_int=\count184
))
Document Class: ctexbook 2022/07/14 v2.5.10 Chinese adapter for class book (CTEX)
(c:/texlive/2023/texmf-dist/tex/latex/ctex/ctexhook.sty
Package: ctexhook 2022/07/14 v2.5.10 Document and package hooks (CTEX)
) (c:/texlive/2023/texmf-dist/tex/latex/ctex/ctexpatch.sty
Package: ctexpatch 2022/07/14 v2.5.10 Patching commands (CTEX)
) (c:/texlive/2023/texmf-dist/tex/latex/base/fix-cm.sty
Package: fix-cm 2020/11/24 v1.1t fixes to LaTeX
 (c:/texlive/2023/texmf-dist/tex/latex/base/ts1enc.def
File: ts1enc.def 2001/06/05 v3.0e (jk/car/fm) Standard LaTeX file
LaTeX Font Info:    Redeclaring font encoding TS1 on input line 47.
))
\l__ctex_tmp_int=\count185
\l__ctex_tmp_box=\box52
\l__ctex_tmp_dim=\dimen140
\g__ctex_section_depth_int=\count186
\g__ctex_font_size_int=\count187
 (c:/texlive/2023/texmf-dist/tex/latex/ctex/config/ctexopts.cfg
File: ctexopts.cfg 2022/07/14 v2.5.10 Option configuration file (CTEX)
) (c:/texlive/2023/texmf-dist/tex/latex/base/book.cls
Document Class: book 2022/07/02 v1.4n Standard LaTeX document class
(c:/texlive/2023/texmf-dist/tex/latex/base/bk12.clo
File: bk12.clo 2022/07/02 v1.4n Standard LaTeX file (size option)
)
\c@part=\count188
\c@chapter=\count189
\c@section=\count190
\c@subsection=\count191
\c@subsubsection=\count192
\c@paragraph=\count193
\c@subparagraph=\count194
\c@figure=\count195
\c@table=\count196
\abovecaptionskip=\skip48
\belowcaptionskip=\skip49
\bibindent=\dimen141
) (c:/texlive/2023/texmf-dist/tex/latex/ctex/engine/ctex-engine-xetex.def
File: ctex-engine-xetex.def 2022/07/14 v2.5.10 XeLaTeX adapter (CTEX)
 (c:/texlive/2023/texmf-dist/tex/xelatex/xecjk/xeCJK.sty
Package: xeCJK 2022/08/05 v3.9.1 Typesetting CJK scripts with XeLaTeX
 (c:/texlive/2023/texmf-dist/tex/latex/l3packages/xtemplate/xtemplate.sty
Package: xtemplate 2023-02-02 L3 Experimental prototype document functions
\l__xtemplate_tmp_dim=\dimen142
\l__xtemplate_tmp_int=\count197
\l__xtemplate_tmp_muskip=\muskip16
\l__xtemplate_tmp_skip=\skip50
)
\l__xeCJK_tmp_int=\count198
\l__xeCJK_tmp_box=\box53
\l__xeCJK_tmp_dim=\dimen143
\l__xeCJK_tmp_skip=\skip51
\g__xeCJK_space_factor_int=\count199
\l__xeCJK_begin_int=\count266
\l__xeCJK_end_int=\count267
\c__xeCJK_CJK_class_int=\XeTeXcharclass1
\c__xeCJK_FullLeft_class_int=\XeTeXcharclass2
\c__xeCJK_FullRight_class_int=\XeTeXcharclass3
\c__xeCJK_HalfLeft_class_int=\XeTeXcharclass4
\c__xeCJK_HalfRight_class_int=\XeTeXcharclass5
\c__xeCJK_NormalSpace_class_int=\XeTeXcharclass6
\c__xeCJK_CM_class_int=\XeTeXcharclass7
\c__xeCJK_HangulJamo_class_int=\XeTeXcharclass8
\l__xeCJK_last_skip=\skip52
\c__xeCJK_none_node=\count268
\g__xeCJK_node_int=\count269
\c__xeCJK_CJK_node_dim=\dimen144
\c__xeCJK_CJK-space_node_dim=\dimen145
\c__xeCJK_default_node_dim=\dimen146
\c__xeCJK_CJK-widow_node_dim=\dimen147
\c__xeCJK_normalspace_node_dim=\dimen148
\c__xeCJK_default-space_node_skip=\skip53
\l__xeCJK_ccglue_skip=\skip54
\l__xeCJK_ecglue_skip=\skip55
\l__xeCJK_punct_kern_skip=\skip56
\l__xeCJK_indent_box=\box54
\l__xeCJK_last_penalty_int=\count270
\l__xeCJK_last_bound_dim=\dimen149
\l__xeCJK_last_kern_dim=\dimen150
\l__xeCJK_widow_penalty_int=\count271

Package xtemplate Info: Declaring object type 'xeCJK/punctuation' taking 0
(xtemplate)             argument(s) on line 2396.

\l__xeCJK_fixed_punct_width_dim=\dimen151
\l__xeCJK_mixed_punct_width_dim=\dimen152
\l__xeCJK_middle_punct_width_dim=\dimen153
\l__xeCJK_fixed_margin_width_dim=\dimen154
\l__xeCJK_mixed_margin_width_dim=\dimen155
\l__xeCJK_middle_margin_width_dim=\dimen156
\l__xeCJK_bound_punct_width_dim=\dimen157
\l__xeCJK_bound_margin_width_dim=\dimen158
\l__xeCJK_margin_minimum_dim=\dimen159
\l__xeCJK_kerning_total_width_dim=\dimen160
\l__xeCJK_same_align_margin_dim=\dimen161
\l__xeCJK_different_align_margin_dim=\dimen162
\l__xeCJK_kerning_margin_width_dim=\dimen163
\l__xeCJK_kerning_margin_minimum_dim=\dimen164
\l__xeCJK_bound_dim=\dimen165
\l__xeCJK_reverse_bound_dim=\dimen166
\l__xeCJK_margin_dim=\dimen167
\l__xeCJK_minimum_bound_dim=\dimen168
\l__xeCJK_kerning_margin_dim=\dimen169
\g__xeCJK_family_int=\count272
\l__xeCJK_fam_int=\count273
\g__xeCJK_fam_allocation_int=\count274
\l__xeCJK_verb_case_int=\count275
\l__xeCJK_verb_exspace_skip=\skip57
 (c:/texlive/2023/texmf-dist/tex/latex/fontspec/fontspec.sty (c:/texlive/2023/texmf-dist/tex/latex/l3packages/xparse/xparse.sty
Package: xparse 2023-02-02 L3 Experimental document command parser
)
Package: fontspec 2022/01/15 v2.8a Font selection for XeLaTeX and LuaLaTeX
 (c:/texlive/2023/texmf-dist/tex/latex/fontspec/fontspec-xetex.sty
Package: fontspec-xetex 2022/01/15 v2.8a Font selection for XeLaTeX and LuaLaTeX
\l__fontspec_script_int=\count276
\l__fontspec_language_int=\count277
\l__fontspec_strnum_int=\count278
\l__fontspec_tmp_int=\count279
\l__fontspec_tmpa_int=\count280
\l__fontspec_tmpb_int=\count281
\l__fontspec_tmpc_int=\count282
\l__fontspec_em_int=\count283
\l__fontspec_emdef_int=\count284
\l__fontspec_strong_int=\count285
\l__fontspec_strongdef_int=\count286
\l__fontspec_tmpa_dim=\dimen170
\l__fontspec_tmpb_dim=\dimen171
\l__fontspec_tmpc_dim=\dimen172
 (c:/texlive/2023/texmf-dist/tex/latex/base/fontenc.sty
Package: fontenc 2021/04/29 v2.0v Standard LaTeX package
) (c:/texlive/2023/texmf-dist/tex/latex/fontspec/fontspec.cfg))) (c:/texlive/2023/texmf-dist/tex/xelatex/xecjk/xeCJK.cfg
File: xeCJK.cfg 2022/08/05 v3.9.1 Configuration file for xeCJK package
))
\ccwd=\dimen173
\l__ctex_ccglue_skip=\skip58
)
\l__ctex_ziju_dim=\dimen174
 (c:/texlive/2023/texmf-dist/tex/latex/zhnumber/zhnumber.sty
Package: zhnumber 2022/07/14 v3.0 Typesetting numbers with Chinese glyphs
\l__zhnum_scale_int=\count287
\l__zhnum_tmp_int=\count288
 (c:/texlive/2023/texmf-dist/tex/latex/zhnumber/zhnumber-utf8.cfg
File: zhnumber-utf8.cfg 2022/07/14 v3.0 Chinese numerals with UTF8 encoding
))
\l__ctex_heading_skip=\skip59
 (c:/texlive/2023/texmf-dist/tex/latex/ctex/scheme/ctex-scheme-plain-book.def
File: ctex-scheme-plain-book.def 2022/07/14 v2.5.10 Plain scheme for book (CTEX)
) (c:/texlive/2023/texmf-dist/tex/latex/ctex/ctex-cs4size.clo
File: ctex-cs4size.clo 2022/07/14 v2.5.10 cs4size option (CTEX)
)) (c:/texlive/2023/texmf-dist/tex/latex/ctex/config/ctex.cfg
File: ctex.cfg 2022/07/14 v2.5.10 Configuration file (CTEX)
) (c:/texlive/2023/texmf-dist/tex/latex/etoolbox/etoolbox.sty
Package: etoolbox 2020/10/05 v2.5k e-TeX tools for LaTeX (JAW)
\etb@tempcnta=\count289
) (c:/texlive/2023/texmf-dist/tex/latex/amsmath/amsmath.sty
Package: amsmath 2022/04/08 v2.17n AMS math features
\@mathmargin=\skip60

For additional information on amsmath, use the `?' option.
(c:/texlive/2023/texmf-dist/tex/latex/amsmath/amstext.sty
Package: amstext 2021/08/26 v2.01 AMS text
 (c:/texlive/2023/texmf-dist/tex/latex/amsmath/amsgen.sty
File: amsgen.sty 1999/11/30 v2.0 generic functions
\@emptytoks=\toks17
\ex@=\dimen175
)) (c:/texlive/2023/texmf-dist/tex/latex/amsmath/amsbsy.sty
Package: amsbsy 1999/11/29 v1.2d Bold Symbols
\pmbraise@=\dimen176
) (c:/texlive/2023/texmf-dist/tex/latex/amsmath/amsopn.sty
Package: amsopn 2022/04/08 v2.04 operator names
)
\inf@bad=\count290
LaTeX Info: Redefining \frac on input line 234.
\uproot@=\count291
\leftroot@=\count292
LaTeX Info: Redefining \overline on input line 399.
LaTeX Info: Redefining \colon on input line 410.
\classnum@=\count293
\DOTSCASE@=\count294
LaTeX Info: Redefining \ldots on input line 496.
LaTeX Info: Redefining \dots on input line 499.
LaTeX Info: Redefining \cdots on input line 620.
\Mathstrutbox@=\box55
\strutbox@=\box56
LaTeX Info: Redefining \big on input line 722.
LaTeX Info: Redefining \Big on input line 723.
LaTeX Info: Redefining \bigg on input line 724.
LaTeX Info: Redefining \Bigg on input line 725.
\big@size=\dimen177
LaTeX Font Info:    Redeclaring font encoding OML on input line 743.
LaTeX Font Info:    Redeclaring font encoding OMS on input line 744.
\macc@depth=\count295
LaTeX Info: Redefining \bmod on input line 905.
LaTeX Info: Redefining \pmod on input line 910.
LaTeX Info: Redefining \smash on input line 940.
LaTeX Info: Redefining \relbar on input line 970.
LaTeX Info: Redefining \Relbar on input line 971.
\c@MaxMatrixCols=\count296
\dotsspace@=\muskip17
\c@parentequation=\count297
\dspbrk@lvl=\count298
\tag@help=\toks18
\row@=\count299
\column@=\count300
\maxfields@=\count301
\andhelp@=\toks19
\eqnshift@=\dimen178
\alignsep@=\dimen179
\tagshift@=\dimen180
\tagwidth@=\dimen181
\totwidth@=\dimen182
\lineht@=\dimen183
\@envbody=\toks20
\multlinegap=\skip61
\multlinetaggap=\skip62
\mathdisplay@stack=\toks21
LaTeX Info: Redefining \[ on input line 2953.
LaTeX Info: Redefining \] on input line 2954.
) (c:/texlive/2023/texmf-dist/tex/latex/geometry/geometry.sty
Package: geometry 2020/01/02 v5.9 Page Geometry
 (c:/texlive/2023/texmf-dist/tex/generic/iftex/ifvtex.sty
Package: ifvtex 2019/10/25 v1.7 ifvtex legacy package. Use iftex instead.
)
\Gm@cnth=\count302
\Gm@cntv=\count303
\c@Gm@tempcnt=\count304
\Gm@bindingoffset=\dimen184
\Gm@wd@mp=\dimen185
\Gm@odd@mp=\dimen186
\Gm@even@mp=\dimen187
\Gm@layoutwidth=\dimen188
\Gm@layoutheight=\dimen189
\Gm@layouthoffset=\dimen190
\Gm@layoutvoffset=\dimen191
\Gm@dimlist=\toks22
) (c:/texlive/2023/texmf-dist/tex/latex/graphics/graphicx.sty
Package: graphicx 2021/09/16 v1.2d Enhanced LaTeX Graphics (DPC,SPQR)
 (c:/texlive/2023/texmf-dist/tex/latex/graphics/graphics.sty
Package: graphics 2022/03/10 v1.4e Standard LaTeX Graphics (DPC,SPQR)
 (c:/texlive/2023/texmf-dist/tex/latex/graphics/trig.sty
Package: trig 2021/08/11 v1.11 sin cos tan (DPC)
) (c:/texlive/2023/texmf-dist/tex/latex/graphics-cfg/graphics.cfg
File: graphics.cfg 2016/06/04 v1.11 sample graphics configuration
)
Package graphics Info: Driver file: xetex.def on input line 107.
 (c:/texlive/2023/texmf-dist/tex/latex/graphics-def/xetex.def
File: xetex.def 2022/09/22 v5.0n Graphics/color driver for xetex
))
\Gin@req@height=\dimen192
\Gin@req@width=\dimen193
) (c:/texlive/2023/texmf-dist/tex/latex/fancyhdr/fancyhdr.sty
Package: fancyhdr 2022/11/09 v4.1 Extensive control of page headers and footers
\f@nch@headwidth=\skip63
\f@nch@O@elh=\skip64
\f@nch@O@erh=\skip65
\f@nch@O@olh=\skip66
\f@nch@O@orh=\skip67
\f@nch@O@elf=\skip68
\f@nch@O@erf=\skip69
\f@nch@O@olf=\skip70
\f@nch@O@orf=\skip71
) (c:/texlive/2023/texmf-dist/tex/latex/graphics/color.sty
Package: color 2022/01/06 v1.3d Standard LaTeX Color (DPC)
 (c:/texlive/2023/texmf-dist/tex/latex/graphics-cfg/color.cfg
File: color.cfg 2016/01/02 v1.6 sample color configuration
)
Package color Info: Driver file: xetex.def on input line 149.
 (c:/texlive/2023/texmf-dist/tex/latex/graphics/mathcolor.ltx)) (c:/texlive/2023/texmf-dist/tex/latex/titlesec/titletoc.sty
Package: titletoc 2021/07/05 v2.14 TOC entries
\ttl@leftsep=\dimen194
) (c:/texlive/2023/texmf-dist/tex/latex/caption/caption.sty
Package: caption 2023/03/12 v3.6j Customizing captions (AR)
 (c:/texlive/2023/texmf-dist/tex/latex/caption/caption3.sty
Package: caption3 2023/03/12 v2.4 caption3 kernel (AR)
\caption@tempdima=\dimen195
\captionmargin=\dimen196
\caption@leftmargin=\dimen197
\caption@rightmargin=\dimen198
\caption@width=\dimen199
\caption@indent=\dimen256
\caption@parindent=\dimen257
\caption@hangindent=\dimen258
Package caption Info: Standard document class detected.
)
\c@caption@flags=\count305
\c@continuedfloat=\count306
) (c:/texlive/2023/texmf-dist/tex/latex/footmisc/footmisc.sty
Package: footmisc 2022/03/08 v6.0d a miscellany of footnote facilities
\FN@temptoken=\toks23
\footnotemargin=\dimen259
\@outputbox@depth=\dimen260
 (c:/texlive/2023/texmf-dist/tex/latex/bigfoot/perpage.sty
Package: perpage 2014/10/25 2.0 Reset/sort counters per page
\c@abspage=\count307
)
\c@pp@a@footnote=\count308
Package footmisc Info: Declaring symbol style bringhurst on input line 695.
Package footmisc Info: Declaring symbol style chicago on input line 703.
Package footmisc Info: Declaring symbol style wiley on input line 712.
Package footmisc Info: Declaring symbol style lamport-robust on input line 723.
Package footmisc Info: Declaring symbol style lamport* on input line 743.
Package footmisc Info: Declaring symbol style lamport*-robust on input line 764.
) (c:/texlive/2023/texmf-dist/tex/latex/url/url.sty
\Urlmuskip=\muskip18
Package: url 2013/09/16  ver 3.4  Verb mode for urls, etc.
) (c:/texlive/2023/texmf-dist/tex/latex/notoccite/notoccite.sty
Package: notoccite 2000/07/20
) (c:/texlive/2023/texmf-dist/tex/latex/multirow/multirow.sty
Package: multirow 2021/03/15 v2.8 Span multiple rows of a table
\multirow@colwidth=\skip72
\multirow@cntb=\count309
\multirow@dima=\skip73
\bigstrutjot=\dimen261
) (c:/texlive/2023/texmf-dist/tex/latex/filehook/filehook.sty
Package: filehook 2022/10/25 v0.8b Hooks for input files
 (c:/texlive/2023/texmf-dist/tex/latex/filehook/filehook-2020.sty
Package: filehook-2020 2022/10/25 v0.8b Hooks for input files
))
LaTeX Info: Command `\normalsize' is already robust on input line 660.

Package fontspec Info: Font family 'TimesNewRoman(0)' created for font 'Times
(fontspec)             New Roman' with options [Ligatures=TeX].
(fontspec)              
(fontspec)              This font family consists of the following NFSS
(fontspec)             series/shapes:
(fontspec)              
(fontspec)             - 'normal' (m/n) with NFSS spec.: <->"Times New
(fontspec)             Roman/OT:script=latn;language=dflt;mapping=tex-text;"
(fontspec)             - 'small caps'  (m/sc) with NFSS spec.: <->"Times New
(fontspec)             Roman/OT:script=latn;language=dflt;+smcp;mapping=tex-text;"
(fontspec)             - 'bold' (b/n) with NFSS spec.: <->"Times New
(fontspec)             Roman/B/OT:script=latn;language=dflt;mapping=tex-text;"
(fontspec)             - 'bold small caps'  (b/sc) with NFSS spec.: <->"Times
(fontspec)             New
(fontspec)             Roman/B/OT:script=latn;language=dflt;+smcp;mapping=tex-text;"
(fontspec)             - 'italic' (m/it) with NFSS spec.: <->"Times New
(fontspec)             Roman/I/OT:script=latn;language=dflt;mapping=tex-text;"
(fontspec)             - 'italic small caps'  (m/scit) with NFSS spec.:
(fontspec)             <->"Times New
(fontspec)             Roman/I/OT:script=latn;language=dflt;+smcp;mapping=tex-text;"
(fontspec)             - 'bold italic' (b/it) with NFSS spec.: <->"Times New
(fontspec)             Roman/BI/OT:script=latn;language=dflt;mapping=tex-text;"
(fontspec)             - 'bold italic small caps'  (b/scit) with NFSS spec.:
(fontspec)             <->"Times New
(fontspec)             Roman/BI/OT:script=latn;language=dflt;+smcp;mapping=tex-text;"


Package fontspec Info: Font family 'Arial(0)' created for font 'Arial' with
(fontspec)             options [Ligatures=TeX].
(fontspec)              
(fontspec)              This font family consists of the following NFSS
(fontspec)             series/shapes:
(fontspec)              
(fontspec)             - 'normal' (m/n) with NFSS spec.:
(fontspec)             <->"Arial/OT:script=latn;language=dflt;mapping=tex-text;"
(fontspec)             - 'small caps'  (m/sc) with NFSS spec.:
(fontspec)             <->"Arial/OT:script=latn;language=dflt;+smcp;mapping=tex-text;"
(fontspec)             - 'bold' (b/n) with NFSS spec.:
(fontspec)             <->"Arial/B/OT:script=latn;language=dflt;mapping=tex-text;"
(fontspec)             - 'bold small caps'  (b/sc) with NFSS spec.:
(fontspec)             <->"Arial/B/OT:script=latn;language=dflt;+smcp;mapping=tex-text;"
(fontspec)             - 'italic' (m/it) with NFSS spec.:
(fontspec)             <->"Arial/I/OT:script=latn;language=dflt;mapping=tex-text;"
(fontspec)             - 'italic small caps'  (m/scit) with NFSS spec.:
(fontspec)             <->"Arial/I/OT:script=latn;language=dflt;+smcp;mapping=tex-text;"
(fontspec)             - 'bold italic' (b/it) with NFSS spec.:
(fontspec)             <->"Arial/BI/OT:script=latn;language=dflt;mapping=tex-text;"
(fontspec)             - 'bold italic small caps'  (b/scit) with NFSS spec.:
(fontspec)             <->"Arial/BI/OT:script=latn;language=dflt;+smcp;mapping=tex-text;"


Package fontspec Info: Courier New scale = 1.057733558623334.


Package fontspec Info: Courier New scale = 1.057733558623334.


Package fontspec Info: Courier New/B scale = 1.008809074804275.


Package fontspec Info: Courier New/I scale = 1.057733558623334.


Package fontspec Info: Courier New/BI scale = 1.008809074804275.


Package fontspec Info: Font family 'CourierNew(0)' created for font 'Courier
(fontspec)             New' with options
(fontspec)             [WordSpace={1,0,0},HyphenChar=None,PunctuationSpace=WordSpace,Scale
(fontspec)             = MatchLowercase].
(fontspec)              
(fontspec)              This font family consists of the following NFSS
(fontspec)             series/shapes:
(fontspec)              
(fontspec)             - 'normal' (m/n) with NFSS spec.:
(fontspec)             <->s*[1.057733558623334]"Courier
(fontspec)             New/OT:script=latn;language=dflt;"
(fontspec)             - 'small caps'  (m/sc) with NFSS spec.: 
(fontspec)             and font adjustment code:
(fontspec)             \fontdimen 2\font =1\fontdimen 2\font \fontdimen 3\font
(fontspec)             =0\fontdimen 3\font \fontdimen 4\font =0\fontdimen
(fontspec)             4\font \fontdimen 7\font =0\fontdimen 2\font
(fontspec)             \tex_hyphenchar:D \font =-1\scan_stop: 
(fontspec)             - 'bold' (b/n) with NFSS spec.:
(fontspec)             <->s*[1.008809074804275]"Courier
(fontspec)             New/B/OT:script=latn;language=dflt;"
(fontspec)             - 'bold small caps'  (b/sc) with NFSS spec.: 
(fontspec)             and font adjustment code:
(fontspec)             \fontdimen 2\font =1\fontdimen 2\font \fontdimen 3\font
(fontspec)             =0\fontdimen 3\font \fontdimen 4\font =0\fontdimen
(fontspec)             4\font \fontdimen 7\font =0\fontdimen 2\font
(fontspec)             \tex_hyphenchar:D \font =-1\scan_stop: 
(fontspec)             - 'italic' (m/it) with NFSS spec.:
(fontspec)             <->s*[1.057733558623334]"Courier
(fontspec)             New/I/OT:script=latn;language=dflt;"
(fontspec)             - 'italic small caps'  (m/scit) with NFSS spec.: 
(fontspec)             and font adjustment code:
(fontspec)             \fontdimen 2\font =1\fontdimen 2\font \fontdimen 3\font
(fontspec)             =0\fontdimen 3\font \fontdimen 4\font =0\fontdimen
(fontspec)             4\font \fontdimen 7\font =0\fontdimen 2\font
(fontspec)             \tex_hyphenchar:D \font =-1\scan_stop: 
(fontspec)             - 'bold italic' (b/it) with NFSS spec.:
(fontspec)             <->s*[1.008809074804275]"Courier
(fontspec)             New/BI/OT:script=latn;language=dflt;"
(fontspec)             - 'bold italic small caps'  (b/scit) with NFSS spec.: 
(fontspec)             and font adjustment code:
(fontspec)             \fontdimen 2\font =1\fontdimen 2\font \fontdimen 3\font
(fontspec)             =0\fontdimen 3\font \fontdimen 4\font =0\fontdimen
(fontspec)             4\font \fontdimen 7\font =0\fontdimen 2\font
(fontspec)             \tex_hyphenchar:D \font =-1\scan_stop: 


Package fontspec Info: Could not resolve font "KaiTi/B" (it probably doesn't
(fontspec)             exist).


Package fontspec Info: Could not resolve font "SimSun/I" (it probably doesn't
(fontspec)             exist).


Package fontspec Info: Could not resolve font "SimSun/BI" (it probably doesn't
(fontspec)             exist).


Package fontspec Info: Font family 'SimSun(0)' created for font 'SimSun' with
(fontspec)             options
(fontspec)             [Script={CJK},AutoFakeBold={3},ItalicFont={KaiTi}].
(fontspec)              
(fontspec)              This font family consists of the following NFSS
(fontspec)             series/shapes:
(fontspec)              
(fontspec)             - 'normal' (m/n) with NFSS spec.:
(fontspec)             <->"SimSun/OT:script=hani;language=dflt;"
(fontspec)             - 'small caps'  (m/sc) with NFSS spec.: 
(fontspec)             - 'bold' (b/n) with NFSS spec.:
(fontspec)             <->"SimSun/OT:script=hani;language=dflt;embolden=3;"
(fontspec)             - 'bold small caps'  (b/sc) with NFSS spec.: 
(fontspec)             - 'italic' (m/it) with NFSS spec.:
(fontspec)             <->"KaiTi/OT:script=hani;language=dflt;"
(fontspec)             - 'italic small caps'  (m/scit) with NFSS spec.: 

\c@ustc@count=\count310
\ustc@title@box=\box57
\ustc@titlelength=\count311
\ustc@lof@label@width=\skip74
) (./ustcsetup.tex (c:/texlive/2023/texmf-dist/tex/latex/unicode-math/unicode-math.sty
Package: unicode-math 2020/01/31 v0.8q Unicode maths in XeLaTeX and LuaLaTeX
 (c:/texlive/2023/texmf-dist/tex/latex/unicode-math/unicode-math-xetex.sty
Package: unicode-math-xetex 2020/01/31 v0.8q Unicode maths in XeLaTeX and LuaLaTeX
 (c:/texlive/2023/texmf-dist/tex/latex/l3packages/l3keys2e/l3keys2e.sty
Package: l3keys2e 2023-02-02 LaTeX2e option processing using LaTeX3 keys
)
\g__um_fam_int=\count312
\g__um_fonts_used_int=\count313
\l__um_primecount_int=\count314
\g__um_primekern_muskip=\muskip19
 (c:/texlive/2023/texmf-dist/tex/latex/unicode-math/unicode-math-table.tex)))
LaTeX Info: Redefining \boldsymbol on input line 25.
LaTeX Info: Redefining \mathellipsis on input line 25.

Package fontspec Info: Font family 'XITSMath-Regular(0)' created for font
(fontspec)             'XITSMath-Regular' with options
(fontspec)             [BoldItalicFont={},ItalicFont={},SmallCapsFont={},Script=Math,Extension={.otf},StylisticSet={8}].
(fontspec)              
(fontspec)              This font family consists of the following NFSS
(fontspec)             series/shapes:
(fontspec)              
(fontspec)             - 'normal' (m/n) with NFSS spec.:
(fontspec)             <->"[XITSMath-Regular.otf]/OT:script=math;language=dflt;+ss08;"
(fontspec)             - 'small caps'  (m/sc) with NFSS spec.: 


Package fontspec Info: Font family 'XITSMath-Regular(1)' created for font
(fontspec)             'XITSMath-Regular' with options
(fontspec)             [BoldItalicFont={},ItalicFont={},SmallCapsFont={},Script=Math,SizeFeatures={{Size=10.539375-},{Size=8.130375-10.539375,Font=XITSMath-Regular,Style=MathScript},{Size=-8.130375,Font=XITSMath-Regular,Style=MathScriptScript}},Extension={.otf},StylisticSet={8}].
(fontspec)              
(fontspec)              This font family consists of the following NFSS
(fontspec)             series/shapes:
(fontspec)              
(fontspec)             - 'normal' (m/n) with NFSS spec.:
(fontspec)             <10.539375->"[XITSMath-Regular.otf]/OT:script=math;language=dflt;+ss08;"<8.130375-10.539375>"[XITSMath-Regular.otf]/OT:script=math;language=dflt;+ss08;+ssty=0;"<-8.130375>"[XITSMath-Regular.otf]/OT:script=math;language=dflt;+ss08;+ssty=1;"
(fontspec)             - 'small caps'  (m/sc) with NFSS spec.: 

LaTeX Font Info:    Encoding `OT1' has changed to `TU' for symbol font
(Font)              `operators' in the math version `normal' on input line 25.
LaTeX Font Info:    Overwriting symbol font `operators' in version `normal'
(Font)                  OT1/cmr/m/n --> TU/XITSMath-Regular(1)/m/n on input line 25.
LaTeX Font Info:    Encoding `OT1' has changed to `TU' for symbol font
(Font)              `operators' in the math version `bold' on input line 25.
LaTeX Font Info:    Overwriting symbol font `operators' in version `bold'
(Font)                  OT1/cmr/bx/n --> TU/XITSMath-Regular(1)/b/n on input line 25.

Package fontspec Info: XITSMath-Regular scale = 1.0001.


Package fontspec Info: XITSMath-Regular scale = 1.0001.


Package fontspec Info: XITSMath-Regular scale = 1.0001.


Package fontspec Info: XITSMath-Regular scale = 1.0001.


Package fontspec Info: Font family 'XITSMath-Regular(2)' created for font
(fontspec)             'XITSMath-Regular' with options
(fontspec)             [BoldItalicFont={},ItalicFont={},SmallCapsFont={},Script=Math,SizeFeatures={{Size=10.539375-},{Size=8.130375-10.539375,Font=XITSMath-Regular,Style=MathScript},{Size=-8.130375,Font=XITSMath-Regular,Style=MathScriptScript}},Extension={.otf},StylisticSet={8},ScaleAgain=1.0001,FontAdjustment={\fontdimen
(fontspec)             8\font =6.9861pt\relax \fontdimen 9\font
(fontspec)             =5.7816pt\relax \fontdimen 10\font =5.7816pt\relax
(fontspec)             \fontdimen 11\font =8.4315pt\relax \fontdimen 12\font
(fontspec)             =5.7816pt\relax \fontdimen 13\font =4.818pt\relax
(fontspec)             \fontdimen 14\font =4.818pt\relax \fontdimen 15\font
(fontspec)             =3.31238pt\relax \fontdimen 16\font =3.01125pt\relax
(fontspec)             \fontdimen 17\font =3.01125pt\relax \fontdimen 18\font
(fontspec)             =4.51688pt\relax \fontdimen 19\font =0.60225pt\relax
(fontspec)             \fontdimen 22\font =3.01125pt\relax \fontdimen 20\font
(fontspec)             =0pt\relax \fontdimen 21\font =0pt\relax }].
(fontspec)              
(fontspec)              This font family consists of the following NFSS
(fontspec)             series/shapes:
(fontspec)              
(fontspec)             - 'normal' (m/n) with NFSS spec.:
(fontspec)             <10.539375->s*[1.0001]"[XITSMath-Regular.otf]/OT:script=math;language=dflt;+ss08;"<8.130375-10.539375>s*[1.0001]"[XITSMath-Regular.otf]/OT:script=math;language=dflt;+ss08;+ssty=0;"<-8.130375>s*[1.0001]"[XITSMath-Regular.otf]/OT:script=math;language=dflt;+ss08;+ssty=1;"
(fontspec)             - 'small caps'  (m/sc) with NFSS spec.: 
(fontspec)             and font adjustment code:
(fontspec)             \fontdimen 8\font =6.9861pt\relax \fontdimen 9\font
(fontspec)             =5.7816pt\relax \fontdimen 10\font =5.7816pt\relax
(fontspec)             \fontdimen 11\font =8.4315pt\relax \fontdimen 12\font
(fontspec)             =5.7816pt\relax \fontdimen 13\font =4.818pt\relax
(fontspec)             \fontdimen 14\font =4.818pt\relax \fontdimen 15\font
(fontspec)             =3.31238pt\relax \fontdimen 16\font =3.01125pt\relax
(fontspec)             \fontdimen 17\font =3.01125pt\relax \fontdimen 18\font
(fontspec)             =4.51688pt\relax \fontdimen 19\font =0.60225pt\relax
(fontspec)             \fontdimen 22\font =3.01125pt\relax \fontdimen 20\font
(fontspec)             =0pt\relax \fontdimen 21\font =0pt\relax 

LaTeX Font Info:    Encoding `OMS' has changed to `TU' for symbol font
(Font)              `symbols' in the math version `normal' on input line 25.
LaTeX Font Info:    Overwriting symbol font `symbols' in version `normal'
(Font)                  OMS/cmsy/m/n --> TU/XITSMath-Regular(2)/m/n on input line 25.
LaTeX Font Info:    Encoding `OMS' has changed to `TU' for symbol font
(Font)              `symbols' in the math version `bold' on input line 25.
LaTeX Font Info:    Overwriting symbol font `symbols' in version `bold'
(Font)                  OMS/cmsy/b/n --> TU/XITSMath-Regular(2)/b/n on input line 25.

Package fontspec Info: XITSMath-Regular scale = 0.9999.


Package fontspec Info: XITSMath-Regular scale = 0.9999.


Package fontspec Info: XITSMath-Regular scale = 0.9999.


Package fontspec Info: XITSMath-Regular scale = 0.9999.


Package fontspec Info: Font family 'XITSMath-Regular(3)' created for font
(fontspec)             'XITSMath-Regular' with options
(fontspec)             [BoldItalicFont={},ItalicFont={},SmallCapsFont={},Script=Math,SizeFeatures={{Size=10.539375-},{Size=8.130375-10.539375,Font=XITSMath-Regular,Style=MathScript},{Size=-8.130375,Font=XITSMath-Regular,Style=MathScriptScript}},Extension={.otf},StylisticSet={8},ScaleAgain=0.9999,FontAdjustment={\fontdimen
(fontspec)             8\font =0.79497pt\relax \fontdimen 9\font
(fontspec)             =1.80675pt\relax \fontdimen 10\font =1.80675pt\relax
(fontspec)             \fontdimen 11\font =3.6135pt\relax \fontdimen 12\font
(fontspec)             =7.227pt\relax \fontdimen 13\font =0pt\relax }].
(fontspec)              
(fontspec)              This font family consists of the following NFSS
(fontspec)             series/shapes:
(fontspec)              
(fontspec)             - 'normal' (m/n) with NFSS spec.:
(fontspec)             <10.539375->s*[0.9999]"[XITSMath-Regular.otf]/OT:script=math;language=dflt;+ss08;"<8.130375-10.539375>s*[0.9999]"[XITSMath-Regular.otf]/OT:script=math;language=dflt;+ss08;+ssty=0;"<-8.130375>s*[0.9999]"[XITSMath-Regular.otf]/OT:script=math;language=dflt;+ss08;+ssty=1;"
(fontspec)             - 'small caps'  (m/sc) with NFSS spec.: 
(fontspec)             and font adjustment code:
(fontspec)             \fontdimen 8\font =0.79497pt\relax \fontdimen 9\font
(fontspec)             =1.80675pt\relax \fontdimen 10\font =1.80675pt\relax
(fontspec)             \fontdimen 11\font =3.6135pt\relax \fontdimen 12\font
(fontspec)             =7.227pt\relax \fontdimen 13\font =0pt\relax 

LaTeX Font Info:    Encoding `OMX' has changed to `TU' for symbol font
(Font)              `largesymbols' in the math version `normal' on input line 25.
LaTeX Font Info:    Overwriting symbol font `largesymbols' in version `normal'
(Font)                  OMX/cmex/m/n --> TU/XITSMath-Regular(3)/m/n on input line 25.
LaTeX Font Info:    Encoding `OMX' has changed to `TU' for symbol font
(Font)              `largesymbols' in the math version `bold' on input line 25.
LaTeX Font Info:    Overwriting symbol font `largesymbols' in version `bold'
(Font)                  OMX/cmex/m/n --> TU/XITSMath-Regular(3)/b/n on input line 25.

Package fontspec Info: Font family 'XITSMath-Regular(4)' created for font
(fontspec)             'XITSMath-Regular' with options
(fontspec)             [BoldItalicFont={},ItalicFont={},SmallCapsFont={},Script=Math,SizeFeatures={{Size=10.539375-},{Size=8.130375-10.539375,Font=XITSMath-Regular,Style=MathScript},{Size=-8.130375,Font=XITSMath-Regular,Style=MathScriptScript}},Extension={.otf},StylisticSet={1}].
(fontspec)              
(fontspec)              This font family consists of the following NFSS
(fontspec)             series/shapes:
(fontspec)              
(fontspec)             - 'normal' (m/n) with NFSS spec.:
(fontspec)             <10.539375->"[XITSMath-Regular.otf]/OT:script=math;language=dflt;+ss01;"<8.130375-10.539375>"[XITSMath-Regular.otf]/OT:script=math;language=dflt;+ss01;+ssty=0;"<-8.130375>"[XITSMath-Regular.otf]/OT:script=math;language=dflt;+ss01;+ssty=1;"
(fontspec)             - 'small caps'  (m/sc) with NFSS spec.: 

\sym__um_fam1=\mathgroup4
LaTeX Font Info:    Overwriting symbol font `__um_fam1' in version `normal'
(Font)                  TU/XITSMath-Regular(4)/m/n --> TU/XITSMath-Regular(4)/m/n on input line 25.
LaTeX Font Info:    Overwriting symbol font `__um_fam1' in version `bold'
(Font)                  TU/XITSMath-Regular(4)/m/n --> TU/XITSMath-Regular(4)/b/n on input line 25.
 (c:/texlive/2023/texmf-dist/tex/latex/subfigure/subfigure.sty
Package: subfigure 2002/03/15 v2.1.5 subfigure package
\subfigtopskip=\skip75
\subfigcapskip=\skip76
\subfigcaptopadj=\dimen262
\subfigbottomskip=\skip77
\subfigcapmargin=\dimen263
\subfiglabelskip=\skip78
\c@subfigure=\count315
\c@lofdepth=\count316
\c@subtable=\count317
\c@lotdepth=\count318

****************************************
* Local config file subfigure.cfg used *
****************************************
(c:/texlive/2023/texmf-dist/tex/latex/subfigure/subfigure.cfg)
\subfig@top=\skip79
\subfig@bottom=\skip80
) (c:/texlive/2023/texmf-dist/tex/latex/amscls/amsthm.sty
Package: amsthm 2020/05/29 v2.20.6
\thm@style=\toks24
\thm@bodyfont=\toks25
\thm@headfont=\toks26
\thm@notefont=\toks27
\thm@headpunct=\toks28
\thm@preskip=\skip81
\thm@postskip=\skip82
\thm@headsep=\skip83
\dth@everypar=\toks29
)
\c@theorem=\count319
\c@assumption=\count320
\c@definition=\count321
\c@example=\count322
 (c:/texlive/2023/texmf-dist/tex/latex/booktabs/booktabs.sty
Package: booktabs 2020/01/12 v1.61803398 Publication quality tables
\heavyrulewidth=\dimen264
\lightrulewidth=\dimen265
\cmidrulewidth=\dimen266
\belowrulesep=\dimen267
\belowbottomsep=\dimen268
\aboverulesep=\dimen269
\abovetopsep=\dimen270
\cmidrulesep=\dimen271
\cmidrulekern=\dimen272
\defaultaddspace=\dimen273
\@cmidla=\count323
\@cmidlb=\count324
\@aboverulesep=\dimen274
\@belowrulesep=\dimen275
\@thisruleclass=\count325
\@lastruleclass=\count326
\@thisrulewidth=\dimen276
) (c:/texlive/2023/texmf-dist/tex/latex/tools/longtable.sty
Package: longtable 2021-09-01 v4.17 Multi-page Table package (DPC)
\LTleft=\skip84
\LTright=\skip85
\LTpre=\skip86
\LTpost=\skip87
\LTchunksize=\count327
\LTcapwidth=\dimen277
\LT@head=\box58
\LT@firsthead=\box59
\LT@foot=\box60
\LT@lastfoot=\box61
\LT@gbox=\box62
\LT@cols=\count328
\LT@rows=\count329
\c@LT@tables=\count330
\c@LT@chunks=\count331
\LT@p@ftn=\toks30
) (c:/texlive/2023/texmf-dist/tex/latex/algorithm2e/algorithm2e.sty
Invalid UTF-8 byte or sequence at line 284 replaced by U+FFFD.
Invalid UTF-8 byte or sequence at line 299 replaced by U+FFFD.
Invalid UTF-8 byte or sequence at line 550 replaced by U+FFFD.
Package: algorithm2e 2017/07/18 v5.2 algorithms environments
\c@AlgoLine=\count332
 (c:/texlive/2023/texmf-dist/tex/latex/base/ifthen.sty
Package: ifthen 2022/04/13 v1.1d Standard LaTeX ifthen package (DPC)
)
\algocf@hangindent=\skip88
 (c:/texlive/2023/texmf-dist/tex/latex/ifoddpage/ifoddpage.sty
Package: ifoddpage 2022/10/18 v1.2 Conditionals for odd/even page detection
\c@checkoddpage=\count333
) (c:/texlive/2023/texmf-dist/tex/latex/tools/xspace.sty
Package: xspace 2014/10/28 v1.13 Space after command names (DPC,MH)
) (c:/texlive/2023/texmf-dist/tex/latex/relsize/relsize.sty
Package: relsize 2013/03/29 ver 4.1
)
\skiptotal=\skip89
\skiplinenumber=\skip90
\skiprule=\skip91
\skiphlne=\skip92
\skiptext=\skip93
\skiplength=\skip94
\algomargin=\skip95
\skipalgocfslide=\skip96
\algowidth=\dimen278
\inoutsize=\dimen279
\inoutindent=\dimen280
\interspacetitleruled=\dimen281
\interspacealgoruled=\dimen282
\interspacetitleboxruled=\dimen283
\algocf@ruledwidth=\skip97
\algocf@inoutbox=\box63
\algocf@inputbox=\box64
\AlCapSkip=\skip98
\AlCapHSkip=\skip99
\algoskipindent=\skip100
\algocf@nlbox=\box65
\algocf@hangingbox=\box66
\algocf@untilbox=\box67
\algocf@skipuntil=\skip101
\algocf@capbox=\box68
\algocf@lcaptionbox=\skip102
\algoheightruledefault=\skip103
\algoheightrule=\skip104
\algotitleheightruledefault=\skip105
\algotitleheightrule=\skip106
\c@algocfline=\count334
\c@algocfproc=\count335
\c@algocf=\count336
\algocf@algoframe=\box69
\algocf@algobox=\box70
) (c:/texlive/2023/texmf-dist/tex/latex/siunitx/siunitx.sty
Package: siunitx 2023-04-13 v3.2.5 A comprehensive (SI) units package
\l__siunitx_angle_tmp_dim=\dimen284
\l__siunitx_angle_marker_box=\box71
\l__siunitx_angle_unit_box=\box72
\l__siunitx_compound_count_int=\count337
 (c:/texlive/2023/texmf-dist/tex/latex/translations/translations.sty
Package: translations 2022/02/05 v1.12 internationalization of LaTeX2e packages (CN)
 (c:/texlive/2023/texmf-dist/tex/generic/pdftexcmds/pdftexcmds.sty
Package: pdftexcmds 2020-06-27 v0.33 Utility functions of pdfTeX for LuaTeX (HO)
 (c:/texlive/2023/texmf-dist/tex/generic/infwarerr/infwarerr.sty
Package: infwarerr 2019/12/03 v1.5 Providing info/warning/error messages (HO)
)
Package pdftexcmds Info: \pdf@primitive is available.
Package pdftexcmds Info: \pdf@ifprimitive is available.
Package pdftexcmds Info: \pdfdraftmode not found.
))
\l__siunitx_number_exponent_fixed_int=\count338
\l__siunitx_number_min_decimal_int=\count339
\l__siunitx_number_min_integer_int=\count340
\l__siunitx_number_round_precision_int=\count341
\l__siunitx_number_lower_threshold_int=\count342
\l__siunitx_number_upper_threshold_int=\count343
\l__siunitx_number_group_first_int=\count344
\l__siunitx_number_group_size_int=\count345
\l__siunitx_number_group_minimum_int=\count346
\l__siunitx_table_tmp_box=\box73
\l__siunitx_table_tmp_dim=\dimen285
\l__siunitx_table_column_width_dim=\dimen286
\l__siunitx_table_integer_box=\box74
\l__siunitx_table_decimal_box=\box75
\l__siunitx_table_uncert_box=\box76
\l__siunitx_table_before_box=\box77
\l__siunitx_table_after_box=\box78
\l__siunitx_table_before_dim=\dimen287
\l__siunitx_table_carry_dim=\dimen288
\l__siunitx_unit_tmp_int=\count347
\l__siunitx_unit_position_int=\count348
\l__siunitx_unit_total_int=\count349
 (c:/texlive/2023/texmf-dist/tex/latex/tools/array.sty
Package: array 2022/09/04 v2.5g Tabular extension package (FMi)
\col@sep=\dimen289
\ar@mcellbox=\box79
\extrarowheight=\dimen290
\NC@list=\toks31
\extratabsurround=\skip107
\backup@length=\skip108
\ar@cellbox=\box80
)) (c:/texlive/2023/texmf-dist/tex/latex/natbib/natbib.sty
Package: natbib 2010/09/13 8.31b (PWD, AO)
\bibhang=\skip109
\bibsep=\skip110
LaTeX Info: Redefining \cite on input line 694.
\c@NAT@ctr=\count350
) (c:/texlive/2023/texmf-dist/tex/latex/hyperref/hyperref.sty
Package: hyperref 2023-04-22 v7.00x Hypertext links for LaTeX
 (c:/texlive/2023/texmf-dist/tex/generic/pdfescape/pdfescape.sty
Package: pdfescape 2019/12/09 v1.15 Implements pdfTeX's escape features (HO)
) (c:/texlive/2023/texmf-dist/tex/latex/hycolor/hycolor.sty
Package: hycolor 2020-01-27 v1.10 Color options for hyperref/bookmark (HO)
) (c:/texlive/2023/texmf-dist/tex/latex/letltxmacro/letltxmacro.sty
Package: letltxmacro 2019/12/03 v1.6 Let assignment for LaTeX macros (HO)
) (c:/texlive/2023/texmf-dist/tex/latex/auxhook/auxhook.sty
Package: auxhook 2019-12-17 v1.6 Hooks for auxiliary files (HO)
) (c:/texlive/2023/texmf-dist/tex/latex/hyperref/nameref.sty
Package: nameref 2022-05-17 v2.50 Cross-referencing by name of section
 (c:/texlive/2023/texmf-dist/tex/latex/refcount/refcount.sty
Package: refcount 2019/12/15 v3.6 Data extraction from label references (HO)
) (c:/texlive/2023/texmf-dist/tex/generic/gettitlestring/gettitlestring.sty
Package: gettitlestring 2019/12/15 v1.6 Cleanup title references (HO)
)
\c@section@level=\count351
)
\@linkdim=\dimen291
\Hy@linkcounter=\count352
\Hy@pagecounter=\count353
 (c:/texlive/2023/texmf-dist/tex/latex/hyperref/pd1enc.def
File: pd1enc.def 2023-04-22 v7.00x Hyperref: PDFDocEncoding definition (HO)
) (c:/texlive/2023/texmf-dist/tex/generic/intcalc/intcalc.sty
Package: intcalc 2019/12/15 v1.3 Expandable calculations with integers (HO)
)
\Hy@SavedSpaceFactor=\count354
 (c:/texlive/2023/texmf-dist/tex/latex/hyperref/puenc.def
File: puenc.def 2023-04-22 v7.00x Hyperref: PDF Unicode definition (HO)
)
Package hyperref Info: Option `unicode' set `true' on input line 4065.
Package hyperref Info: Hyper figures OFF on input line 4182.
Package hyperref Info: Link nesting OFF on input line 4187.
Package hyperref Info: Hyper index ON on input line 4190.
Package hyperref Info: Plain pages OFF on input line 4197.
Package hyperref Info: Backreferencing OFF on input line 4202.
Package hyperref Info: Implicit mode ON; LaTeX internals redefined.
Package hyperref Info: Bookmarks ON on input line 4449.
\c@Hy@tempcnt=\count355
LaTeX Info: Redefining \url on input line 4787.
\XeTeXLinkMargin=\dimen292
 (c:/texlive/2023/texmf-dist/tex/generic/bitset/bitset.sty
Package: bitset 2019/12/09 v1.3 Handle bit-vector datatype (HO)
 (c:/texlive/2023/texmf-dist/tex/generic/bigintcalc/bigintcalc.sty
Package: bigintcalc 2019/12/15 v1.5 Expandable calculations on big integers (HO)
))
\Fld@menulength=\count356
\Field@Width=\dimen293
\Fld@charsize=\dimen294
Package hyperref Info: Hyper figures OFF on input line 6066.
Package hyperref Info: Link nesting OFF on input line 6071.
Package hyperref Info: Hyper index ON on input line 6074.
Package hyperref Info: backreferencing OFF on input line 6081.
Package hyperref Info: Link coloring OFF on input line 6086.
Package hyperref Info: Link coloring with OCG OFF on input line 6091.
Package hyperref Info: PDF/A mode OFF on input line 6096.
 (c:/texlive/2023/texmf-dist/tex/latex/base/atbegshi-ltx.sty
Package: atbegshi-ltx 2021/01/10 v1.0c Emulation of the original atbegshi
package with kernel methods
)
\Hy@abspage=\count357
\c@Item=\count358
\c@Hfootnote=\count359
)
Package hyperref Info: Driver (autodetected): hxetex.
 (c:/texlive/2023/texmf-dist/tex/latex/hyperref/hxetex.def
File: hxetex.def 2023-04-22 v7.00x Hyperref driver for XeTeX
 (c:/texlive/2023/texmf-dist/tex/generic/stringenc/stringenc.sty
Package: stringenc 2019/11/29 v1.12 Convert strings between diff. encodings (HO)
)
\pdfm@box=\box81
\c@Hy@AnnotLevel=\count360
\HyField@AnnotCount=\count361
\Fld@listcount=\count362
\c@bookmark@seq@number=\count363
 (c:/texlive/2023/texmf-dist/tex/latex/rerunfilecheck/rerunfilecheck.sty
Package: rerunfilecheck 2022-07-10 v1.10 Rerun checks for auxiliary files (HO)
 (c:/texlive/2023/texmf-dist/tex/latex/base/atveryend-ltx.sty
Package: atveryend-ltx 2020/08/19 v1.0a Emulation of the original atveryend package
with kernel methods
) (c:/texlive/2023/texmf-dist/tex/generic/uniquecounter/uniquecounter.sty
Package: uniquecounter 2019/12/15 v1.4 Provide unlimited unique counter (HO)
)
Package uniquecounter Info: New unique counter `rerunfilecheck' on input line 285.
)
\Hy@SectionHShift=\skip111
)
Package hyperref Info: Option `bookmarksnumbered' set `true' on input line 95.
Package hyperref Info: Option `bookmarksopen' set `true' on input line 95.
Package hyperref Info: Option `unicode' set `true' on input line 95.
Package hyperref Info: Option `psdextra' set `true' on input line 95.
 (c:/texlive/2023/texmf-dist/tex/latex/hyperref/puenc-greekbasic.def
File: puenc-greekbasic.def 2023-04-22 v7.00x Hyperref: PDF Unicode definition (greek block) (HO)
) (c:/texlive/2023/texmf-dist/tex/latex/hyperref/psdextra.def
File: psdextra.def 2023-04-22 v7.00x Hyperref: Additions to PDF string support
)
\c@ustc@bookmarknumber=\count364
 (c:/texlive/2023/texmf-dist/tex/latex/enumitem/enumitem.sty
Package: enumitem 2019/06/20 v3.9 Customized lists
\labelindent=\skip112
\enit@outerparindent=\dimen295
\enit@toks=\toks32
\enit@inbox=\box82
\enit@count@id=\count365
\enitdp@description=\count366
) (c:/texlive/2023/texmf-dist/tex/latex/float/float.sty
Package: float 2001/11/08 v1.3d Float enhancements (AL)
\c@float@type=\count367
\float@exts=\toks33
\float@box=\box83
\@float@everytoks=\toks34
\@floatcapt=\box84
)

Package ctexhook Warning: Package `ctex' can not be loaded with `ctexbook'.

LaTeX Info: Package 'ctex.sty' has been disabled.
            Load request ignored on input line 105.
)
Package translations Info: No language package found. I am going to use `english' as default language. on input line 9.
 (./main.aux)
\openout1 = `main.aux'.

LaTeX Font Info:    Checking defaults for OML/cmm/m/it on input line 9.
LaTeX Font Info:    ... okay on input line 9.
LaTeX Font Info:    Checking defaults for OMS/cmsy/m/n on input line 9.
LaTeX Font Info:    ... okay on input line 9.
LaTeX Font Info:    Checking defaults for OT1/cmr/m/n on input line 9.
LaTeX Font Info:    ... okay on input line 9.
LaTeX Font Info:    Checking defaults for T1/cmr/m/n on input line 9.
LaTeX Font Info:    ... okay on input line 9.
LaTeX Font Info:    Checking defaults for TS1/cmr/m/n on input line 9.
LaTeX Font Info:    ... okay on input line 9.
LaTeX Font Info:    Checking defaults for TU/lmr/m/n on input line 9.
LaTeX Font Info:    ... okay on input line 9.
LaTeX Font Info:    Checking defaults for OMX/cmex/m/n on input line 9.
LaTeX Font Info:    ... okay on input line 9.
LaTeX Font Info:    Checking defaults for U/cmr/m/n on input line 9.
LaTeX Font Info:    ... okay on input line 9.
LaTeX Font Info:    Checking defaults for PD1/pdf/m/n on input line 9.
LaTeX Font Info:    ... okay on input line 9.
LaTeX Font Info:    Checking defaults for PU/pdf/m/n on input line 9.
LaTeX Font Info:    ... okay on input line 9.

*geometry* driver: auto-detecting
*geometry* detected driver: xetex
*geometry* verbose mode - [ preamble ] result:
* driver: xetex
* paper: a4paper
* layout: <same size as paper>
* layoutoffset:(h,v)=(0.0pt,0.0pt)
* modes: twoside 
* h-part:(L,W,R)=(90.19518pt, 417.11752pt, 90.19518pt)
* v-part:(T,H,B)=(72.2698pt, 700.50723pt, 72.2698pt)
* \paperwidth=597.50787pt
* \paperheight=845.04684pt
* \textwidth=417.11752pt
* \textheight=700.50723pt
* \oddsidemargin=17.92519pt
* \evensidemargin=17.92519pt
* \topmargin=-29.59084pt
* \headheight=21.33955pt
* \headsep=8.2511pt
* \topskip=12.0pt
* \footskip=22.47748pt
* \marginparwidth=88.0pt
* \marginparsep=7.0pt
* \columnsep=10.0pt
* \skip\footins=10.8pt plus 4.0pt minus 2.0pt
* \hoffset=0.0pt
* \voffset=0.0pt
* \mag=1000
* \@twocolumnfalse
* \@twosidetrue
* \@mparswitchtrue
* \@reversemarginfalse
* (1in=72.27pt=25.4mm, 1cm=28.453pt)

Package caption Info: Begin \AtBeginDocument code.
Package caption Info: float package is loaded.
Package caption Info: hyperref package is loaded.
Package caption Info: longtable package is loaded.
(c:/texlive/2023/texmf-dist/tex/latex/caption/ltcaption.sty
Package: ltcaption 2021/01/08 v1.4c longtable captions (AR)
)
Package caption Info: subfigure package is loaded.
Package caption Info: End \AtBeginDocument code.
LaTeX Font Info:    Overwriting math alphabet `\mathrm' in version `normal'
(Font)                  TU/XITSMath-Regular(1)/m/n --> TU/TimesNewRoman(0)/m/n on input line 9.
LaTeX Font Info:    Overwriting math alphabet `\mathit' in version `normal'
(Font)                  OT1/cmr/m/it --> TU/TimesNewRoman(0)/m/it on input line 9.
LaTeX Font Info:    Overwriting math alphabet `\mathbf' in version `normal'
(Font)                  OT1/cmr/bx/n --> TU/TimesNewRoman(0)/b/n on input line 9.
LaTeX Font Info:    Overwriting math alphabet `\mathsf' in version `normal'
(Font)                  OT1/cmss/m/n --> TU/Arial(0)/m/n on input line 9.
LaTeX Font Info:    Overwriting math alphabet `\mathsf' in version `bold'
(Font)                  OT1/cmss/bx/n --> TU/Arial(0)/b/n on input line 9.
LaTeX Font Info:    Overwriting math alphabet `\mathtt' in version `normal'
(Font)                  OT1/cmtt/m/n --> TU/CourierNew(0)/m/n on input line 9.
LaTeX Font Info:    Overwriting math alphabet `\mathtt' in version `bold'
(Font)                  OT1/cmtt/m/n --> TU/CourierNew(0)/b/n on input line 9.
 (c:/texlive/2023/texmf-dist/tex/latex/translations/translations-basic-dictionary-english.trsl
File: translations-basic-dictionary-english.trsl (english translation file `translations-basic-dictionary')
)
Package translations Info: loading dictionary `translations-basic-dictionary' for `english'. on input line 9.
Package hyperref Info: Link coloring OFF on input line 9.
 (./main.out) (./main.out)
\@outlinefile=\write3
\openout3 = `main.out'.

*geometry* verbose mode - [ newgeometry ] result:
* driver: xetex
* paper: a4paper
* layout: <same size as paper>
* layoutoffset:(h,v)=(0.0pt,0.0pt)
* modes: twoside 
* h-part:(L,W,R)=(72.2698pt, 452.96826pt, 72.2698pt)
* v-part:(T,H,B)=(72.2698pt, 700.50723pt, 72.2698pt)
* \paperwidth=597.50787pt
* \paperheight=845.04684pt
* \textwidth=452.96826pt
* \textheight=700.50723pt
* \oddsidemargin=-0.00018pt
* \evensidemargin=-0.00018pt
* \topmargin=-29.59084pt
* \headheight=21.33955pt
* \headsep=8.2511pt
* \topskip=12.0pt
* \footskip=22.47748pt
* \marginparwidth=88.0pt
* \marginparsep=7.0pt
* \columnsep=10.0pt
* \skip\footins=10.8pt plus 4.0pt minus 2.0pt
* \hoffset=0.0pt
* \voffset=0.0pt
* \mag=1000
* \@twocolumnfalse
* \@twosidetrue
* \@mparswitchtrue
* \@reversemarginfalse
* (1in=72.27pt=25.4mm, 1cm=28.453pt)


Package fontspec Info: Could not resolve font "FangSong/BI" (it probably
(fontspec)             doesn't exist).


Package fontspec Info: Could not resolve font "FangSong/B" (it probably
(fontspec)             doesn't exist).


Package fontspec Info: Could not resolve font "FangSong/I" (it probably
(fontspec)             doesn't exist).


Package fontspec Info: Font family 'FangSong(0)' created for font 'FangSong'
(fontspec)             with options [Script={CJK}].
(fontspec)              
(fontspec)              This font family consists of the following NFSS
(fontspec)             series/shapes:
(fontspec)              
(fontspec)             - 'normal' (m/n) with NFSS spec.:
(fontspec)             <->"FangSong/OT:script=hani;language=dflt;"
(fontspec)             - 'small caps'  (m/sc) with NFSS spec.: 

File: figures/ustc-name.pdf Graphic file (type pdf)
<use figures/ustc-name.pdf>

Package fontspec Info: Could not resolve font "SimHei/I" (it probably doesn't
(fontspec)             exist).


Package fontspec Info: Could not resolve font "SimHei/BI" (it probably doesn't
(fontspec)             exist).


Package fontspec Info: Could not resolve font "SimHei/I" (it probably doesn't
(fontspec)             exist).


Package fontspec Info: Font family 'SimHei(0)' created for font 'SimHei' with
(fontspec)             options [Script={CJK},AutoFakeBold={3}].
(fontspec)              
(fontspec)              This font family consists of the following NFSS
(fontspec)             series/shapes:
(fontspec)              
(fontspec)             - 'normal' (m/n) with NFSS spec.:
(fontspec)             <->"SimHei/OT:script=hani;language=dflt;"
(fontspec)             - 'small caps'  (m/sc) with NFSS spec.: 
(fontspec)             - 'bold' (b/n) with NFSS spec.:
(fontspec)             <->"SimHei/OT:script=hani;language=dflt;embolden=3;"
(fontspec)             - 'bold small caps'  (b/sc) with NFSS spec.: 

File: figures/ustc-badge.pdf Graphic file (type pdf)
<use figures/ustc-badge.pdf>
LaTeX Font Info:    Font shape `TU/XITSMath-Regular(2)/m/n' will be
(Font)              scaled to size 16.0617pt on input line 12.
LaTeX Font Info:    Font shape `TU/XITSMath-Regular(2)/m/n' will be
(Font)              scaled to size 14.05399pt on input line 12.
LaTeX Font Info:    Font shape `TU/XITSMath-Regular(2)/m/n' will be
(Font)              scaled to size 10.54048pt on input line 12.
LaTeX Font Info:    Font shape `TU/XITSMath-Regular(3)/m/n' will be
(Font)              scaled to size 16.05827pt on input line 12.
LaTeX Font Info:    Font shape `TU/XITSMath-Regular(3)/m/n' will be
(Font)              scaled to size 14.05098pt on input line 12.
LaTeX Font Info:    Font shape `TU/XITSMath-Regular(3)/m/n' will be
(Font)              scaled to size 10.53824pt on input line 12.
 [1



]
File: figures/ustc-badge.pdf Graphic file (type pdf)
<use figures/ustc-badge.pdf>
 [2

]
LaTeX Font Info:    Font shape `TU/XITSMath-Regular(2)/m/n' will be
(Font)              scaled to size 12.04628pt on input line 12.
LaTeX Font Info:    Font shape `TU/XITSMath-Regular(2)/m/n' will be
(Font)              scaled to size 9.03471pt on input line 12.
LaTeX Font Info:    Font shape `TU/XITSMath-Regular(2)/m/n' will be
(Font)              scaled to size 7.22777pt on input line 12.
LaTeX Font Info:    Font shape `TU/XITSMath-Regular(3)/m/n' will be
(Font)              scaled to size 12.0437pt on input line 12.
LaTeX Font Info:    Font shape `TU/XITSMath-Regular(3)/m/n' will be
(Font)              scaled to size 9.03278pt on input line 12.
LaTeX Font Info:    Font shape `TU/XITSMath-Regular(3)/m/n' will be
(Font)              scaled to size 7.22623pt on input line 12.
 [3



] (./chapters/0_foreword/abstract.tex [1



] [2


] [3]) (./main.toc [4



] [5])
\tf@toc=\write4
\openout4 = `main.toc'.

 [6] (./main.lof [7



])
\tf@lof=\write5
\openout5 = `main.lof'.

 [8] (./main.lot)
\tf@lot=\write6
\openout6 = `main.lot'.

 [9



] (./chapters/1_introduction/introduction.tex
1
(./chapters/1_introduction/background.tex
File: figures/delivery_robot.jpg Graphic file (type bmp)
<figures/delivery_robot.jpg>

Overfull \hbox (4.41719pt too wide) in paragraph at lines 17--18
 [][] 
 []

File: figures/floor_grinding_robot.jpg Graphic file (type bmp)
<figures/floor_grinding_robot.jpg>
[1


]) (./chapters/1_introduction/rgbd_camera.tex [2]
LaTeX Font Info:    Font shape `TU/XITSMath-Regular(2)/m/n' will be
(Font)              scaled to size 7.00075pt on input line 39.
LaTeX Font Info:    Font shape `TU/XITSMath-Regular(2)/m/n' will be
(Font)              scaled to size 5.00053pt on input line 39.
LaTeX Font Info:    Font shape `TU/XITSMath-Regular(3)/m/n' will be
(Font)              scaled to size 6.99925pt on input line 39.
LaTeX Font Info:    Font shape `TU/XITSMath-Regular(3)/m/n' will be
(Font)              scaled to size 4.99947pt on input line 39.

Overfull \hbox (19.19182pt too wide) in paragraph at lines 39--67
 [][] 
 []

) (./chapters/1_introduction/panoptic_segmentation.tex [3]
File: figures/panoptic_seg_1.png Graphic file (type bmp)
<figures/panoptic_seg_1.png>
File: figures/panoptic_seg_2.png Graphic file (type bmp)
<figures/panoptic_seg_2.png>
File: figures/panoptic_seg_3.png Graphic file (type bmp)
<figures/panoptic_seg_3.png>
File: figures/panoptic_seg_4.png Graphic file (type bmp)
<figures/panoptic_seg_4.png>
File: figures/deeplab3_endecoder.png Graphic file (type bmp)
<figures/deeplab3_endecoder.png>
 [4]
File: figures/sam_result.png Graphic file (type bmp)
<figures/sam_result.png>
) (./chapters/1_introduction/3d_reconstruction.tex [5] [6]) (./chapters/1_introduction/3d_panoptic_segmentation.tex [7]) [8]) (./chapters/2_technology_involved/technology_involved.tex [9]
2
(./chapters/2_technology_involved/epipolar_geometry.tex
File: figures/epipolar.png Graphic file (type bmp)
<figures/epipolar.png>
 [10

]) (./chapters/2_technology_involved/kmax_deeplab.tex
File: figures/kmax_deeplab.png Graphic file (type bmp)
<figures/kmax_deeplab.png>
File: figures/kmax_decoder.png Graphic file (type bmp)
<figures/kmax_decoder.png>

Underfull \hbox (badness 2277) in paragraph at lines 36--37
[]\TU/SimSun(0)/m/n/12.045    \TU/TimesNewRoman(0)/m/n/12.045 Mask Transformer |\TU/SimSun(0)/m/n/12.045 \TU/TimesNewRoman(0)/m/n/12.045 MaX-DeepLab\TU/SimSun(0)/m/n/12.045 |$[]$         |\TU/TimesNewRoman(0)/m/n/12.045 cross-
 []

[11]
File: figures/clustering_view_of_mask_transformer.png Graphic file (type bmp)
<figures/clustering_view_of_mask_transformer.png>
 [12]
Overfull \hbox (11.0641pt too wide) in paragraph at lines 65--82
 [][] 
 []

) (./chapters/2_technology_involved/tsdf.tex [13]
File: figures/tsdf_exp.png Graphic file (type bmp)
<figures/tsdf_exp.png>
 [14]) (./chapters/2_technology_involved/gpu_and_cuda.tex [15]
File: figures/a100.png Graphic file (type bmp)
<figures/a100.png>
File: figures/4090.jpg Graphic file (type bmp)
<figures/4090.jpg>
File: figures/memory_hierarchy.png Graphic file (type bmp)
<figures/memory_hierarchy.png>
File: figures/thread_block.png Graphic file (type bmp)
<figures/thread_block.png>
 [16]) (./chapters/2_technology_involved/mvp_and_opengl.tex [17]
File: figures/opengl_pipeline.png Graphic file (type bmp)
<figures/opengl_pipeline.png>
 [18])) (./chapters/3_demand_analysis/demand_analysis.tex [19]
3
File: figures/uml/case_all.png Graphic file (type bmp)
<figures/uml/case_all.png>
File: figures/uml/case1.png Graphic file (type bmp)
<figures/uml/case1.png>
[20

]
File: figures/uml/case2.png Graphic file (type bmp)
<figures/uml/case2.png>
 [21]
File: figures/uml/case3.png Graphic file (type bmp)
<figures/uml/case3.png>
 [22]
File: figures/uml/case4.png Graphic file (type bmp)
<figures/uml/case4.png>
 [23]
File: figures/uml/case5.png Graphic file (type bmp)
<figures/uml/case5.png>
 [24] [25]) (./chapters/4_outline_design/outline_design.tex [26]
4
(./chapters/4_outline_design/overall_structure.tex
File: figures/uml/data_flow.png Graphic file (type bmp)
<figures/uml/data_flow.png>
 [27

]
File: figures/uml/mvvm_pattern.png Graphic file (type bmp)
<figures/uml/mvvm_pattern.png>
) (./chapters/4_outline_design/modular_design.tex [28]
File: figures/uml/architect.png Graphic file (type bmp)
<figures/uml/architect.png>
 [29]
File: figures/uml/activity1.png Graphic file (type bmp)
<figures/uml/activity1.png>
File: figures/uml/activity2.png Graphic file (type bmp)
<figures/uml/activity2.png>
 [30] [31]
File: figures/uml/activity3.png Graphic file (type bmp)
<figures/uml/activity3.png>
File: figures/uml/activity4.png Graphic file (type bmp)
<figures/uml/activity4.png>
 [32] [33]
LaTeX Font Info:    Font shape `TU/CourierNew(0)/m/n' will be
(Font)              scaled to size 12.74046pt on input line 139.
File: figures/uml/activity5.png Graphic file (type bmp)
<figures/uml/activity5.png>
File: figures/uml/activity6.png Graphic file (type bmp)
<figures/uml/activity6.png>
 [34]
File: figures/uml/activity7.png Graphic file (type bmp)
<figures/uml/activity7.png>
 [35]) [36]) (./chapters/5_detailed_design/detailed_design.tex [37]
5
(./chapters/5_detailed_design/module1.tex
File: figures/uml/component1.png Graphic file (type bmp)
<figures/uml/component1.png>
 [38

]) (./chapters/5_detailed_design/module2.tex [39]
File: figures/uml/component2.png Graphic file (type bmp)
<figures/uml/component2.png>
 [40]
Underfull \hbox (badness 5460) in paragraph at lines 122--127
[]\TU/SimSun(0)/m/n/12.045         \TU/CourierNew(0)/m/n/12.045 UpdateScene \TU/SimSun(0)/m/n/12.045    |   |      
 []

[41]
File: figures/spatial_grid.png Graphic file (type bmp)
<figures/spatial_grid.png>
) (./chapters/5_detailed_design/module3.tex [42]
File: figures/uml/component3.png Graphic file (type bmp)
<figures/uml/component3.png>
LaTeX Font Info:    Font shape `TU/CourierNew(0)/m/n' will be
(Font)              scaled to size 11.14789pt on input line 26.

Underfull \hbox (badness 1859) in paragraph at lines 48--50
[]\TU/SimSun(0)/m/n/12.045           |        | \TU/CourierNew(0)/m/n/12.045 DenoiseImage \TU/SimSun(0)/m/n/12.045  
 []

[43]) (./chapters/5_detailed_design/module4.tex [44] [45] [46]) (./chapters/5_detailed_design/module5.tex [47]
File: figures/uml/class5.png Graphic file (type bmp)
<figures/uml/class5.png>
 [48] [49] [50]) (./chapters/5_detailed_design/module6.tex [51]
File: figures/uml/component6.png Graphic file (type bmp)
<figures/uml/component6.png>
 [52]
Underfull \hbox (badness 10000) in paragraph at lines 70--75
[]\TU/SimSun(0)/m/n/12.045        |                  |
 []


Underfull \hbox (badness 1033) in paragraph at lines 70--75
\TU/CourierNew(0)/m/n/12.045 EstimateNormal \TU/SimSun(0)/m/n/12.045                 |   |   
 []

) (./chapters/5_detailed_design/module7.tex [53]) (./chapters/5_detailed_design/system_implentation.tex [54]
File: figures/device_para/cpu.png Graphic file (type bmp)
<figures/device_para/cpu.png>
File: figures/device_para/ram.png Graphic file (type bmp)
<figures/device_para/ram.png>
File: figures/device_para/igp.png Graphic file (type bmp)
<figures/device_para/igp.png>
File: figures/device_para/gpu.png Graphic file (type bmp)
<figures/device_para/gpu.png>
 [55]
File: figures/scene1_color.png Graphic file (type bmp)
<figures/scene1_color.png>
File: figures/scene1_depth.png Graphic file (type bmp)
<figures/scene1_depth.png>
 [56]
File: figures/scene1_semantic.png Graphic file (type bmp)
<figures/scene1_semantic.png>
File: figures/scene1_pose.png Graphic file (type bmp)
<figures/scene1_pose.png>
File: figures/test_para/win_all_run.png Graphic file (type bmp)
<figures/test_para/win_all_run.png>
File: figures/test_para/ubuntu_rgb_run.png Graphic file (type bmp)
<figures/test_para/ubuntu_rgb_run.png>
File: figures/test_para/ubuntu_label_run.png Graphic file (type bmp)
<figures/test_para/ubuntu_label_run.png>
File: figures/result/scene0011_rgb_2cm.png Graphic file (type bmp)
<figures/result/scene0011_rgb_2cm.png>
File: figures/result/scene0011_rgb_5cm.png Graphic file (type bmp)
<figures/result/scene0011_rgb_5cm.png>
File: figures/result/scene0011_label_2cm.png Graphic file (type bmp)
<figures/result/scene0011_label_2cm.png>
File: figures/result/scene0011_label_5cm.png Graphic file (type bmp)
<figures/result/scene0011_label_5cm.png>
 [57])) (./chapters/7_system_test/test.tex [58] [59]
6
(./chapters/7_system_test/dataset_indicator.tex
File: figures/panoptic_seg_result.png Graphic file (type bmp)
<figures/panoptic_seg_result.png>
 [60

] [61]
File: figures/kitti_exp.png Graphic file (type bmp)
<figures/kitti_exp.png>
File: figures/scannet_exp.png Graphic file (type bmp)
<figures/scannet_exp.png>
 [62]) (./chapters/7_system_test/scheme_case.tex [63] [64]) (./chapters/7_system_test/result.tex
File: figures/test_para/pcie_5cm.png Graphic file (type bmp)
<figures/test_para/pcie_5cm.png>

Underfull \hbox (badness 10000) in paragraph at lines 53--55
[]\TU/SimSun(0)/m/n/12.045             \TU/TimesNewRoman(0)/m/n/12.045 97.4%\TU/SimSun(0)/m/n/12.045 | \TU/TimesNewRoman(0)/m/n/12.045 scene0088_03, scene0144_00,
 []


Underfull \hbox (badness 5064) in paragraph at lines 53--55
\TU/TimesNewRoman(0)/m/n/12.045 scene0144_01, scene0354_00, scene0474_03, scene0689_00, scene0704_00 \TU/SimSun(0)/m/n/12.045 
 []

[65] [66]
File: figures/test_para/2cm_cpu.png Graphic file (type bmp)
<figures/test_para/2cm_cpu.png>
File: figures/test_para/2cm_gpu.png Graphic file (type bmp)
<figures/test_para/2cm_gpu.png>
 [67]
File: figures/test_para/5cm_cpu.png Graphic file (type bmp)
<figures/test_para/5cm_cpu.png>
File: figures/test_para/5cm_gpu.png Graphic file (type bmp)
<figures/test_para/5cm_gpu.png>
 [68])) (./chapters/8_afterword/summarize.tex [69]
7
[70

]) (./chapters/8_afterword/complementary.tex [71]
 A
File: figures/result/scene0011_rgb_gt.png Graphic file (type bmp)
<figures/result/scene0011_rgb_gt.png>
File: figures/result/scene0011_label_gt.png Graphic file (type bmp)
<figures/result/scene0011_label_gt.png>
File: figures/result/scene0011_rgb_2cm.png Graphic file (type bmp)
<figures/result/scene0011_rgb_2cm.png>
File: figures/result/scene0011_label_2cm.png Graphic file (type bmp)
<figures/result/scene0011_label_2cm.png>
File: figures/result/scene0011_rgb_5cm.png Graphic file (type bmp)
<figures/result/scene0011_rgb_5cm.png>
File: figures/result/scene0011_label_5cm.png Graphic file (type bmp)
<figures/result/scene0011_label_5cm.png>
File: figures/result/scene0030_rgb_gt.png Graphic file (type bmp)
<figures/result/scene0030_rgb_gt.png>
File: figures/result/scene0030_label_gt.png Graphic file (type bmp)
<figures/result/scene0030_label_gt.png>
File: figures/result/scene0030_rgb_2cm.png Graphic file (type bmp)
<figures/result/scene0030_rgb_2cm.png>
File: figures/result/scene0030_label_2cm.png Graphic file (type bmp)
<figures/result/scene0030_label_2cm.png>
File: figures/result/scene0030_rgb_5cm.png Graphic file (type bmp)
<figures/result/scene0030_rgb_5cm.png>
File: figures/result/scene0030_label_5cm.png Graphic file (type bmp)
<figures/result/scene0030_label_5cm.png>

LaTeX Warning: `h' float specifier changed to `ht'.

File: figures/result/scene0500_rgb_gt.png Graphic file (type bmp)
<figures/result/scene0500_rgb_gt.png>
File: figures/result/scene0500_label_gt.png Graphic file (type bmp)
<figures/result/scene0500_label_gt.png>
File: figures/result/scene0500_rgb_2cm.png Graphic file (type bmp)
<figures/result/scene0500_rgb_2cm.png>
File: figures/result/scene0500_label_2cm.png Graphic file (type bmp)
<figures/result/scene0500_label_2cm.png>
File: figures/result/scene0500_rgb_5cm.png Graphic file (type bmp)
<figures/result/scene0500_rgb_5cm.png>
File: figures/result/scene0500_label_5cm.png Graphic file (type bmp)
<figures/result/scene0500_label_5cm.png>
File: figures/result/scene0518_rgb_gt.png Graphic file (type bmp)
<figures/result/scene0518_rgb_gt.png>
File: figures/result/scene0518_label_gt.png Graphic file (type bmp)
<figures/result/scene0518_label_gt.png>
File: figures/result/scene0518_rgb_2cm.png Graphic file (type bmp)
<figures/result/scene0518_rgb_2cm.png>
File: figures/result/scene0518_label_2cm.png Graphic file (type bmp)
<figures/result/scene0518_label_2cm.png>
File: figures/result/scene0518_rgb_5cm.png Graphic file (type bmp)
<figures/result/scene0518_rgb_5cm.png>
File: figures/result/scene0518_label_5cm.png Graphic file (type bmp)
<figures/result/scene0518_label_5cm.png>

LaTeX Warning: `h' float specifier changed to `ht'.

) [72

] [73] [74] [75] [76] (./chapters/8_afterword/acknowledgements.tex) (./main.bbl [77


] [78

] [79] [80] [81]) [82] (./main.aux)
Package rerunfilecheck Info: File `main.out' has not changed.
(rerunfilecheck)             Checksum: 47CEA13EBDB2448B60D0647AE344FA13;11220.
 ) 
Here is how much of TeX's memory you used:
 31452 strings out of 476709
 697544 string characters out of 5807678
 1891624 words of memory out of 5000000
 50997 multiletter control sequences out of 15000+600000
 519053 words of font info for 179 fonts, out of 8000000 for 9000
 1348 hyphenation exceptions out of 8191
 102i,19n,133p,1437b,2773s stack positions out of 10000i,1000n,20000p,200000b,200000s

Output written on main.xdv (94 pages, 1500888 bytes).
